<?xml version="1.0" encoding="UTF-8"?>
<!-- Generated by org.testng.reporters.JUnitReportReporter -->
<testsuite hostname="sridhar" name="Temp.ReportTest" tests="3" failures="0" timestamp="23 Sep 2016 03:48:41 GMT" time="283.949" errors="0">
  <testcase name="bingTest" time="63.866" classname="Temp.ReportTest"/>
  <testcase name="yahootest" time="147.768" classname="Temp.ReportTest"/>
  <testcase name="googletest" time="72.315" classname="Temp.ReportTest"/>
</testsuite> <!-- Temp.ReportTest -->
