<?xml version="1.0" encoding="UTF-8"?>
<!-- Generated by org.testng.reporters.JUnitReportReporter -->
<testsuite hostname="sridhar" name="com.vmetry.ntltaxi.testcases.HomePageTest" tests="1" failures="0" timestamp="26 Sep 2016 03:40:18 GMT" time="17.025" errors="0">
  <testcase name="validatehomepage" time="17.025" classname="com.vmetry.ntltaxi.testcases.HomePageTest"/>
</testsuite> <!-- com.vmetry.ntltaxi.testcases.HomePageTest -->
